<?xml version="1.0" encoding="utf-8"?><testsuites name="pytest tests"><testsuite name="pytest" errors="0" failures="0" skipped="0" tests="10" time="7.736" timestamp="2026-04-25T19:30:39.387621+00:00" hostname="agent-env-a244b66f-999f-4fb1-8f83-2854f4531930"><testcase classname="backend.tests.test_purecrew_api" name="test_root" time="0.544" /><testcase classname="backend.tests.test_purecrew_api" name="test_create_lead_valid" time="0.407" /><testcase classname="backend.tests.test_purecrew_api" name="test_create_lead_invalid_email" time="0.306" /><testcase classname="backend.tests.test_purecrew_api" name="test_create_lead_invalid_modality" time="0.430" /><testcase classname="backend.tests.test_purecrew_api" name="test_create_lead_missing_required[name]" time="0.539" /><testcase classname="backend.tests.test_purecrew_api" name="test_create_lead_missing_required[email]" time="0.500" /><testcase classname="backend.tests.test_purecrew_api" name="test_create_lead_missing_required[phone]" time="0.445" /><testcase classname="backend.tests.test_purecrew_api" name="test_create_lead_missing_required[modality]" time="0.437" /><testcase classname="backend.tests.test_purecrew_api" name="test_list_leads" time="0.691" /><testcase classname="backend.tests.test_purecrew_api" name="test_status_post_get" time="0.622" /></testsuite></testsuites>